2024-08-14 20:04:09 info: Connected to MongoDB Server
2024-08-14 20:04:36 info: Connected to MongoDB Server
2024-08-14 20:04:36 info: Server is running on port 5000
2024-08-14 20:05:16 info: Connected to MongoDB Server
2024-08-14 20:05:16 info: Server is running on port 5000
2024-08-14 20:05:23 info: Connected to MongoDB Server
2024-08-14 20:05:23 info: Server is running on port 5000
2024-08-14 20:05:26 info: Connected to MongoDB Server
2024-08-14 20:05:26 info: Server is running on port 5000
2024-08-14 20:08:24 info: Connected to MongoDB Server
2024-08-14 20:08:24 info: Server is running on port 5000
2024-08-14 20:08:31 info: Connected to MongoDB Server
2024-08-14 20:08:31 info: Server is running on port 5000
2024-08-14 20:09:04 info: Connected to MongoDB Server
2024-08-14 20:09:04 info: Server is running on port 5000
2024-08-14 20:09:15 info: Connected to MongoDB Server
2024-08-14 20:09:15 info: Server is running on port 5000
2024-08-14 20:09:23 info: Connected to MongoDB Server
2024-08-14 20:09:23 info: Server is running on port 5000
2024-08-14 20:09:31 info: Connected to MongoDB Server
2024-08-14 20:09:31 info: Server is running on port 5000
2024-08-14 20:09:40 info: Connected to MongoDB Server
2024-08-14 20:09:40 info: Server is running on port 5000
2024-08-14 20:09:49 info: Connected to MongoDB Server
2024-08-14 20:09:49 info: Server is running on port 5000
2024-08-14 20:10:35 info: Connected to MongoDB Server
2024-08-14 20:10:35 info: Server is running on port 5000
2024-08-14 20:10:39 info: Connected to MongoDB Server
2024-08-14 20:10:39 info: Server is running on port 5000
2024-08-14 20:10:44 info: Connected to MongoDB Server
2024-08-14 20:10:44 info: Server is running on port 5000
2024-08-14 20:10:56 info: Connected to MongoDB Server
2024-08-14 20:10:56 info: Server is running on port 5000
2024-08-14 20:11:03 info: Connected to MongoDB Server
2024-08-14 20:11:03 info: Server is running on port 5000
2024-08-14 20:11:08 info: Connected to MongoDB Server
2024-08-14 20:11:08 info: Server is running on port 5000
2024-08-14 20:11:14 info: Connected to MongoDB Server
2024-08-14 20:11:14 info: Server is running on port 5000
2024-08-14 20:11:20 info: Connected to MongoDB Server
2024-08-14 20:11:20 info: Server is running on port 5000
2024-08-14 20:11:44 info: Connected to MongoDB Server
2024-08-14 20:11:44 info: Server is running on port 5000
2024-08-14 20:11:51 info: Connected to MongoDB Server
2024-08-14 20:11:51 info: Server is running on port 5000
2024-08-14 20:12:03 info: Connected to MongoDB Server
2024-08-14 20:12:03 info: Server is running on port 5000
2024-08-14 20:12:22 info: Connected to MongoDB Server
2024-08-14 20:12:22 info: Server is running on port 5000
2024-08-14 20:25:38 info: Connected to MongoDB Server
2024-08-14 20:25:38 info: Server is running on port 5000
2024-08-14 20:25:43 info: Connected to MongoDB Server
2024-08-14 20:25:43 info: Server is running on port 5000
2024-08-14 20:25:47 info: Connected to MongoDB Server
2024-08-14 20:25:47 info: Server is running on port 5000
2024-08-14 20:25:55 info: Connected to MongoDB Server
2024-08-14 20:25:55 info: Server is running on port 5000
2024-08-14 20:27:21 info: Connected to MongoDB Server
2024-08-14 20:27:21 info: Server is running on port 5000
2024-08-14 20:29:03 info: Connected to MongoDB Server
2024-08-14 20:29:03 info: Server is running on port 5000
2024-08-14 20:29:26 info: Connected to MongoDB Server
2024-08-14 20:29:26 info: Server is running on port 5000
2024-08-14 20:29:29 info: Connected to MongoDB Server
2024-08-14 20:29:29 info: Server is running on port 5000
2024-08-14 20:29:45 info: Connected to MongoDB Server
2024-08-14 20:29:45 info: Server is running on port 5000
2024-08-14 20:30:01 info: Connected to MongoDB Server
2024-08-14 20:30:01 info: Server is running on port 5000
2024-08-14 20:30:38 info: Connected to MongoDB Server
2024-08-14 20:30:38 info: Server is running on port 5000
2024-08-14 20:30:42 info: Connected to MongoDB Server
2024-08-14 20:30:42 info: Server is running on port 5000
2024-08-14 20:30:53 info: Connected to MongoDB Server
2024-08-14 20:30:53 info: Server is running on port 5000
2024-08-14 20:31:13 info: Connected to MongoDB Server
2024-08-14 20:31:13 info: Server is running on port 5000
2024-08-14 20:31:28 info: Connected to MongoDB Server
2024-08-14 20:31:28 info: Server is running on port 5000
2024-08-14 20:31:34 info: Connected to MongoDB Server
2024-08-14 20:31:34 info: Server is running on port 5000
2024-08-14 20:32:44 info: Connected to MongoDB Server
2024-08-14 20:32:44 info: Server is running on port 5000
2024-08-14 20:34:01 info: Connected to MongoDB Server
2024-08-14 20:34:01 info: Server is running on port 5000
2024-08-14 20:34:18 info: Connected to MongoDB Server
2024-08-14 20:34:18 info: Server is running on port 5000
2024-08-14 20:34:46 info: Connected to MongoDB Server
2024-08-14 20:34:46 info: Server is running on port 5000
2024-08-14 20:34:56 info: Connected to MongoDB Server
2024-08-14 20:34:56 info: Server is running on port 5000
2024-08-14 20:35:21 info: Connected to MongoDB Server
2024-08-14 20:35:21 info: Server is running on port 5000
2024-08-14 20:35:55 info: Connected to MongoDB Server
2024-08-14 20:35:55 info: Server is running on port 5000
2024-08-14 20:39:37 info: Connected to MongoDB Server
2024-08-14 20:39:37 info: Server is running on port 5000
2024-08-14 20:39:47 info: Connected to MongoDB Server
2024-08-14 20:39:47 info: Server is running on port 5000
2024-08-14 20:40:12 info: Connected to MongoDB Server
2024-08-14 20:40:12 info: Server is running on port 5000
2024-08-14 20:41:17 info: Connected to MongoDB Server
2024-08-14 20:41:17 info: Server is running on port 5000
2024-08-14 20:42:17 info: Connected to MongoDB Server
2024-08-14 20:42:17 info: Server is running on port 5000
2024-08-14 20:43:12 info: Connected to MongoDB Server
2024-08-14 20:43:12 info: Server is running on port 5000
2024-08-14 20:43:28 info: Connected to MongoDB Server
2024-08-14 20:43:28 info: Server is running on port 5000
2024-08-14 20:43:30 info: Connected to MongoDB Server
2024-08-14 20:43:30 info: Server is running on port 5000
2024-08-14 20:43:35 info: Connected to MongoDB Server
2024-08-14 20:43:35 info: Server is running on port 5000
2024-08-14 20:46:05 info: Connected to MongoDB Server
2024-08-14 20:46:05 info: Server is running on port 5000
2024-08-14 20:46:11 info: Connected to MongoDB Server
2024-08-14 20:46:11 info: Server is running on port 5000
2024-08-14 20:47:06 error: Failed to connect to MongoDB The `uri` parameter to `openUri()` must be a string, got "undefined". Make sure the first parameter to `mongoose.connect()` or `mongoose.createConnection()` is a string.
2024-08-14 20:47:27 error: Failed to connect to MongoDB The `uri` parameter to `openUri()` must be a string, got "undefined". Make sure the first parameter to `mongoose.connect()` or `mongoose.createConnection()` is a string.
2024-08-14 20:47:46 info: Connected to MongoDB Server
2024-08-14 20:47:46 info: Server is running on port 5000
2024-08-14 20:50:04 info: Connected to MongoDB Server
2024-08-14 20:50:04 info: Server is running on port 5000
2024-08-14 20:50:12 info: Connected to MongoDB Server
2024-08-14 20:50:12 info: Server is running on port 5000
2024-08-14 21:04:55 info: Connected to MongoDB Server
2024-08-14 21:04:55 info: Server is running on port 5000
2024-08-14 21:05:19 info: Connected to MongoDB Server
2024-08-14 21:05:19 info: Server is running on port 5000
2024-08-14 21:06:23 info: Connected to MongoDB Server
2024-08-14 21:06:23 info: Server is running on port 5000
2024-08-14 21:06:31 info: Connected to MongoDB Server
2024-08-14 21:06:31 info: Server is running on port 5000
2024-08-14 21:06:42 info: Connected to MongoDB Server
2024-08-14 21:06:42 info: Server is running on port 5000
2024-08-14 21:07:02 info: Connected to MongoDB Server
2024-08-14 21:07:02 info: Server is running on port 5000
2024-08-14 21:19:54 info: Connected to MongoDB Server
2024-08-14 21:19:54 info: Server is running on port 5000
2024-08-14 21:19:59 info: Connected to MongoDB Server
2024-08-14 21:19:59 info: Server is running on port 5000
2024-08-14 21:20:06 info: Connected to MongoDB Server
2024-08-14 21:20:06 info: Server is running on port 5000
2024-08-14 21:20:15 info: Connected to MongoDB Server
2024-08-14 21:20:15 info: Server is running on port 5000
2024-08-14 21:20:19 info: Connected to MongoDB Server
2024-08-14 21:20:19 info: Server is running on port 5000
2024-08-14 21:20:38 info: Connected to MongoDB Server
2024-08-14 21:20:38 info: Server is running on port 5000
2024-08-14 21:20:48 info: Connected to MongoDB Server
2024-08-14 21:20:48 info: Server is running on port 5000
2024-08-14 21:21:07 info: Connected to MongoDB Server
2024-08-14 21:21:07 info: Server is running on port 5000
2024-08-14 21:21:16 info: Connected to MongoDB Server
2024-08-14 21:21:16 info: Server is running on port 5000
2024-08-14 21:21:23 info: Connected to MongoDB Server
2024-08-14 21:21:23 info: Server is running on port 5000
2024-08-14 21:21:32 info: Connected to MongoDB Server
2024-08-14 21:21:32 info: Server is running on port 5000
2024-08-14 21:21:39 info: Connected to MongoDB Server
2024-08-14 21:21:39 info: Server is running on port 5000
2024-08-14 21:22:29 error: Error getting game: Cast to ObjectId failed for value "football" (type string) at path "_id" for model "Game"
2024-08-14 22:48:42 info: Connected to MongoDB Server
2024-08-14 22:48:42 info: Server is running on port 5000
2024-08-14 22:53:47 info: Connected to MongoDB Server
2024-08-14 22:53:47 info: Server is running on port 5000
2024-08-14 22:53:56 info: Connected to MongoDB Server
2024-08-14 22:53:56 info: Server is running on port 5000
2024-08-14 22:54:05 info: Connected to MongoDB Server
2024-08-14 22:54:05 info: Server is running on port 5000
2024-08-14 23:01:50 info: Connected to MongoDB Server
2024-08-14 23:01:50 info: Server is running on port 5000
2024-08-14 23:02:04 info: Connected to MongoDB Server
2024-08-14 23:02:04 info: Server is running on port 5000
2024-08-14 23:02:10 info: Connected to MongoDB Server
2024-08-14 23:02:10 info: Server is running on port 5000
2024-08-14 23:02:30 info: Connected to MongoDB Server
2024-08-14 23:02:30 info: Server is running on port 5000
2024-08-14 23:04:33 info: Connected to MongoDB Server
2024-08-14 23:04:33 info: Server is running on port 5000
2024-08-14 23:05:47 info: Connected to MongoDB Server
2024-08-14 23:05:47 info: Server is running on port 5000
2024-08-14 23:05:51 info: Connected to MongoDB Server
2024-08-14 23:05:51 info: Server is running on port 5000
2024-08-14 23:06:03 info: Connected to MongoDB Server
2024-08-14 23:06:03 info: Server is running on port 5000
2024-08-14 23:06:10 info: Connected to MongoDB Server
2024-08-14 23:06:10 info: Server is running on port 5000
2024-08-14 23:06:23 info: Connected to MongoDB Server
2024-08-14 23:06:23 info: Server is running on port 5000
2024-08-14 23:06:38 info: Connected to MongoDB Server
2024-08-14 23:06:38 info: Server is running on port 5000
2024-08-14 23:07:11 info: Connected to MongoDB Server
2024-08-14 23:07:11 info: Server is running on port 5000
2024-08-14 23:07:56 info: Connected to MongoDB Server
2024-08-14 23:07:56 info: Server is running on port 5000
2024-08-14 23:08:51 error: Error during signup: Cannot destructure property 'firstName' of 'profile' as it is undefined.
2024-08-14 23:09:36 info: Connected to MongoDB Server
2024-08-14 23:09:36 info: Server is running on port 5000
2024-08-14 23:11:06 info: Connected to MongoDB Server
2024-08-14 23:11:06 info: Server is running on port 5000
2024-08-14 23:11:38 error: Error during login: 400
2024-08-14 23:14:10 error: Error during login: 400
2024-08-14 23:16:10 info: Connected to MongoDB Server
2024-08-14 23:16:10 info: Server is running on port 5000
2024-08-14 23:16:25 info: Connected to MongoDB Server
2024-08-14 23:16:25 info: Server is running on port 5000
2024-08-14 23:16:40 info: Connected to MongoDB Server
2024-08-14 23:16:40 info: Server is running on port 5000
2024-08-14 23:16:53 info: Connected to MongoDB Server
2024-08-14 23:16:53 info: Server is running on port 5000
2024-08-14 23:17:23 info: Connected to MongoDB Server
2024-08-14 23:17:23 info: Server is running on port 5000
2024-08-14 23:17:39 error: Error during login: 400
2024-08-14 23:19:06 info: Connected to MongoDB Server
2024-08-14 23:19:06 info: Server is running on port 5000
2024-08-14 23:19:15 info: Connected to MongoDB Server
2024-08-14 23:19:15 info: Server is running on port 5000
2024-08-14 23:19:22 info: Connected to MongoDB Server
2024-08-14 23:19:22 info: Server is running on port 5000
2024-08-14 23:19:56 info: Connected to MongoDB Server
2024-08-14 23:19:56 info: Server is running on port 5000
2024-08-14 23:20:04 info: Connected to MongoDB Server
2024-08-14 23:20:04 info: Server is running on port 5000
2024-08-14 23:20:40 info: Connected to MongoDB Server
2024-08-14 23:20:40 info: Server is running on port 5000
2024-08-14 23:20:48 info: Connected to MongoDB Server
2024-08-14 23:20:48 info: Server is running on port 5000
2024-08-14 23:20:55 info: Connected to MongoDB Server
2024-08-14 23:20:55 info: Server is running on port 5000
2024-08-14 23:21:36 info: Connected to MongoDB Server
2024-08-14 23:21:36 info: Server is running on port 5000
2024-08-14 23:21:48 info: Connected to MongoDB Server
2024-08-14 23:21:48 info: Server is running on port 5000
2024-08-14 23:22:12 info: Connected to MongoDB Server
2024-08-14 23:22:13 info: Server is running on port 5000
2024-08-14 23:26:09 info: Connected to MongoDB Server
2024-08-14 23:26:09 info: Server is running on port 5000
2024-08-14 23:26:12 info: Connected to MongoDB Server
2024-08-14 23:26:12 info: Server is running on port 5000
2024-08-14 23:26:20 info: Connected to MongoDB Server
2024-08-14 23:26:20 info: Server is running on port 5000
2024-08-14 23:26:32 info: Connected to MongoDB Server
2024-08-14 23:26:32 info: Server is running on port 5000
2024-08-14 23:26:36 info: Connected to MongoDB Server
2024-08-14 23:26:36 info: Server is running on port 5000
2024-08-15 02:06:04 info: Connected to MongoDB Server
2024-08-15 02:06:04 info: Server is running on port 5000
2024-08-15 02:06:18 info: Connected to MongoDB Server
2024-08-15 02:06:18 info: Server is running on port 5000
2024-08-15 02:06:29 info: Connected to MongoDB Server
2024-08-15 02:06:29 info: Server is running on port 5000
2024-08-15 02:07:59 info: Connected to MongoDB Server
2024-08-15 02:07:59 info: Server is running on port 5000
2024-08-15 02:08:27 info: Connected to MongoDB Server
2024-08-15 02:08:27 info: Server is running on port 5000
2024-08-15 02:08:29 info: Connected to MongoDB Server
2024-08-15 02:08:29 info: Server is running on port 5000
2024-08-15 02:08:41 info: Connected to MongoDB Server
2024-08-15 02:08:41 info: Server is running on port 5000
2024-08-15 02:09:17 info: Connected to MongoDB Server
2024-08-15 02:09:17 info: Server is running on port 5000
2024-08-15 02:09:30 info: Connected to MongoDB Server
2024-08-15 02:09:30 info: Server is running on port 5000
2024-08-15 02:09:44 info: Connected to MongoDB Server
2024-08-15 02:09:44 info: Server is running on port 5000
2024-08-15 02:10:00 info: Connected to MongoDB Server
2024-08-15 02:10:00 info: Server is running on port 5000
2024-08-15 02:10:38 info: Connected to MongoDB Server
2024-08-15 02:10:38 info: Server is running on port 5000
2024-08-15 02:10:51 info: Connected to MongoDB Server
2024-08-15 02:10:51 info: Server is running on port 5000
2024-08-15 02:10:55 info: Connected to MongoDB Server
2024-08-15 02:10:55 info: Server is running on port 5000
2024-08-15 02:11:09 info: Connected to MongoDB Server
2024-08-15 02:11:09 info: Server is running on port 5000
2024-08-15 02:12:56 error: Error getting users: Cast to ObjectId failed for value "{ userId: new ObjectId('66bd0fd47c8ef5db106cfaac') }" (type Object) at path "_id" for model "User"
2024-08-15 02:15:00 info: Connected to MongoDB Server
2024-08-15 02:15:00 info: Server is running on port 5000
2024-08-15 02:15:14 info: Connected to MongoDB Server
2024-08-15 02:15:14 info: Server is running on port 5000
2024-08-15 02:15:54 info: Connected to MongoDB Server
2024-08-15 02:15:54 info: Server is running on port 5000
2024-08-15 02:16:00 info: Connected to MongoDB Server
2024-08-15 02:16:00 info: Server is running on port 5000
2024-08-15 02:16:08 info: Connected to MongoDB Server
2024-08-15 02:16:08 info: Server is running on port 5000
2024-08-15 02:18:17 info: Connected to MongoDB Server
2024-08-15 02:18:17 info: Server is running on port 5000
2024-08-15 02:18:29 info: Connected to MongoDB Server
2024-08-15 02:18:29 info: Server is running on port 5000
2024-08-15 02:18:35 info: Connected to MongoDB Server
2024-08-15 02:18:35 info: Server is running on port 5000
2024-08-15 02:18:52 info: Connected to MongoDB Server
2024-08-15 02:18:52 info: Server is running on port 5000
2024-08-15 02:18:55 info: Connected to MongoDB Server
2024-08-15 02:18:55 info: Server is running on port 5000
2024-08-15 02:20:01 info: Connected to MongoDB Server
2024-08-15 02:20:01 info: Server is running on port 5000
2024-08-15 02:22:09 info: Connected to MongoDB Server
2024-08-15 02:22:09 info: Server is running on port 5000
2024-08-15 02:22:38 info: Connected to MongoDB Server
2024-08-15 02:22:38 info: Server is running on port 5000
2024-08-15 02:24:02 info: Connected to MongoDB Server
2024-08-15 02:24:02 info: Server is running on port 5000
2024-08-15 02:24:37 info: Connected to MongoDB Server
2024-08-15 02:24:37 info: Server is running on port 5000
2024-08-15 02:25:08 info: Connected to MongoDB Server
2024-08-15 02:25:08 info: Server is running on port 5000
2024-08-15 02:28:32 info: Connected to MongoDB Server
2024-08-15 02:28:32 info: Server is running on port 5000
2024-08-15 02:30:58 info: Connected to MongoDB Server
2024-08-15 02:30:58 info: Server is running on port 5000
2024-08-15 02:32:19 info: Connected to MongoDB Server
2024-08-15 02:32:19 info: Server is running on port 5000
2024-08-15 02:32:29 info: Connected to MongoDB Server
2024-08-15 02:32:29 info: Server is running on port 5000
2024-08-15 02:32:34 info: Connected to MongoDB Server
2024-08-15 02:32:34 info: Server is running on port 5000
2024-08-15 02:32:40 info: Connected to MongoDB Server
2024-08-15 02:32:40 info: Server is running on port 5000
2024-08-15 02:32:45 info: Connected to MongoDB Server
2024-08-15 02:32:45 info: Server is running on port 5000
2024-08-15 02:32:52 info: Connected to MongoDB Server
2024-08-15 02:32:52 info: Server is running on port 5000
2024-08-15 02:32:59 info: Connected to MongoDB Server
2024-08-15 02:32:59 info: Server is running on port 5000
2024-08-15 02:37:16 info: Connected to MongoDB Server
2024-08-15 02:37:16 info: Server is running on port 5000
2024-08-15 02:37:48 info: Connected to MongoDB Server
2024-08-15 02:37:48 info: Server is running on port 5000
2024-08-15 02:38:47 info: Connected to MongoDB Server
2024-08-15 02:38:47 info: Server is running on port 5000
2024-08-15 02:39:11 info: Connected to MongoDB Server
2024-08-15 02:39:11 info: Server is running on port 5000
2024-08-15 02:39:17 info: Connected to MongoDB Server
2024-08-15 02:39:17 info: Server is running on port 5000
2024-08-15 02:39:33 info: Connected to MongoDB Server
2024-08-15 02:39:33 info: Server is running on port 5000
2024-08-15 02:39:48 info: Connected to MongoDB Server
2024-08-15 02:39:48 info: Server is running on port 5000
2024-08-15 02:40:04 info: Connected to MongoDB Server
2024-08-15 02:40:04 info: Server is running on port 5000
2024-08-15 02:40:17 info: Connected to MongoDB Server
2024-08-15 02:40:17 info: Server is running on port 5000
2024-08-15 02:40:29 info: Connected to MongoDB Server
2024-08-15 02:40:29 info: Server is running on port 5000
2024-08-15 02:40:43 info: Connected to MongoDB Server
2024-08-15 02:40:43 info: Server is running on port 5000
2024-08-15 02:40:47 info: Connected to MongoDB Server
2024-08-15 02:40:47 info: Server is running on port 5000
2024-08-15 02:40:56 info: Connected to MongoDB Server
2024-08-15 02:40:56 info: Server is running on port 5000
2024-08-15 02:41:03 info: Connected to MongoDB Server
2024-08-15 02:41:03 info: Server is running on port 5000
2024-08-15 02:41:53 info: Connected to MongoDB Server
2024-08-15 02:41:53 info: Server is running on port 5000
2024-08-15 02:41:57 info: Connected to MongoDB Server
2024-08-15 02:41:57 info: Server is running on port 5000
2024-08-15 02:42:02 info: Connected to MongoDB Server
2024-08-15 02:42:02 info: Server is running on port 5000
2024-08-15 02:42:18 info: Connected to MongoDB Server
2024-08-15 02:42:18 info: Server is running on port 5000
2024-08-15 02:42:25 info: Connected to MongoDB Server
2024-08-15 02:42:25 info: Server is running on port 5000
2024-08-15 02:42:29 info: Connected to MongoDB Server
2024-08-15 02:42:29 info: Server is running on port 5000
2024-08-15 02:42:37 info: Connected to MongoDB Server
2024-08-15 02:42:37 info: Server is running on port 5000
2024-08-15 02:42:44 info: Connected to MongoDB Server
2024-08-15 02:42:44 info: Server is running on port 5000
2024-08-15 18:31:12 info: Connected to MongoDB Server
2024-08-15 18:31:12 info: Server is running on port 4000
2024-08-15 18:33:28 info: Connected to MongoDB Server
2024-08-15 18:33:28 info: Server is running on port 4000
2024-08-15 18:33:56 info: Connected to MongoDB Server
2024-08-15 18:33:56 info: Server is running on port 4000
2024-08-15 18:37:49 info: Connected to MongoDB Server
2024-08-15 18:37:49 info: Server is running on port 4000
2024-08-15 18:38:34 info: Connected to MongoDB Server
2024-08-15 18:38:34 info: Server is running on port 4000
2024-08-15 18:38:51 info: Connected to MongoDB Server
2024-08-15 18:38:51 info: Server is running on port 4000
2024-08-15 18:39:15 info: Connected to MongoDB Server
2024-08-15 18:39:15 info: Server is running on port 4000
2024-08-15 18:39:40 info: Connected to MongoDB Server
2024-08-15 18:39:40 info: Server is running on port 4000
2024-08-15 18:39:47 info: Connected to MongoDB Server
2024-08-15 18:39:47 info: Server is running on port 4000
2024-08-15 18:40:15 info: Connected to MongoDB Server
2024-08-15 18:40:15 info: Server is running on port 4000
2024-08-15 18:40:24 info: Connected to MongoDB Server
2024-08-15 18:40:24 info: Server is running on port 4000
2024-08-15 18:41:25 info: Connected to MongoDB Server
2024-08-15 18:41:25 info: Server is running on port 4000
